*** Using Compiler 'V6.10.1', folder: 'C:\Program Files\Keil_v5\ARM\ARMCLANG\Bin'
Rebuild target 'RG2024_Embedded_Demo'
assembling startup_stm32f407xx.s...
compiling dma.c...
compiling can.c...
compiling stm32f4xx_hal_can.c...
compiling gpio.c...
compiling main.c...
compiling tim.c...
compiling stm32f4xx_hal_msp.c...
compiling stm32f4xx_it.c...
compiling stm32f4xx_hal_rcc_ex.c...
compiling usart.c...
compiling stm32f4xx_hal_flash.c...
compiling stm32f4xx_hal_rcc.c...
compiling stm32f4xx_hal_flash_ex.c...
compiling stm32f4xx_hal_flash_ramfunc.c...
compiling stm32f4xx_hal_gpio.c...
compiling stm32f4xx_hal_dma_ex.c...
compiling stm32f4xx_hal_pwr_ex.c...
compiling stm32f4xx_hal_dma.c...
compiling stm32f4xx_hal_exti.c...
compiling stm32f4xx_hal_pwr.c...
compiling stm32f4xx_hal.c...
compiling stm32f4xx_hal_cortex.c...
compiling Crc.cpp...
compiling system_stm32f4xx.c...
compiling Gear.cpp...
compiling Pid.cpp...
compiling User_Math.cpp...
compiling stm32f4xx_hal_tim_ex.c...
compiling Callback_Can.cpp...
compiling stm32f4xx_hal_uart.c...
compiling Callback_Tim.cpp...
compiling IMU.cpp...
compiling Board.cpp...
compiling Callback_Uart.cpp...
compiling User_Main.cpp...
compiling Chassis.cpp...
compiling User_Can.cpp...
compiling Communication.cpp...
compiling User_Delay.cpp...
compiling stm32f4xx_hal_tim.c...
../User/3-HDL/Src/Motor_DJI.cpp(48): warning: enumeration values 'DJI_Motor_ID_0x209', 'DJI_Motor_ID_0x20A', and 'DJI_Motor_ID_0x20B' not handled in switch [-Wswitch]
        switch(__CAN_ID)
               ^
../User/3-HDL/Src/Motor_DJI.cpp(81): warning: enumeration values 'DJI_Motor_ID_0x209', 'DJI_Motor_ID_0x20A', and 'DJI_Motor_ID_0x20B' not handled in switch [-Wswitch]
        switch(__CAN_ID)
               ^
2 warnings generated.
compiling Motor_DJI.cpp...
compiling User_Uart.cpp...
compiling Motor.cpp...
linking...
Program Size: Code=18440 RO-data=712 RW-data=872 ZI-data=3952  
FromELF: creating hex file...
"RG2024_Embedded_Demo\RG2024_Embedded_Demo.axf" - 0 Error(s), 2 Warning(s).
Build Time Elapsed:  00:00:03
